{"/home/mohyeddin/Projects/encounter/app.js": {"path":"/home/mohyeddin/Projects/encounter/app.js","statementMap":{"0":{"start":{"line":1,"column":12},"end":{"line":1,"column":32}},"1":{"start":{"line":3,"column":0},"end":{"line":3,"column":21}}},"fnMap":{},"branchMap":{},"s":{"0":5,"1":5},"f":{},"b":{},"_coverageSchema":"1a1c01bbd47fc00a2c39e90264f33305004495a9","hash":"322546eaf4d7c4420dd1ca81db261c5221fa815b"}
,"/home/mohyeddin/Projects/encounter/index.js": {"path":"/home/mohyeddin/Projects/encounter/index.js","statementMap":{"0":{"start":{"line":1,"column":15},"end":{"line":1,"column":40}},"1":{"start":{"line":2,"column":12},"end":{"line":2,"column":26}},"2":{"start":{"line":3,"column":0},"end":{"line":3,"column":44}},"3":{"start":{"line":4,"column":12},"end":{"line":4,"column":28}},"4":{"start":{"line":6,"column":0},"end":{"line":6,"column":30}},"5":{"start":{"line":7,"column":0},"end":{"line":7,"column":27}},"6":{"start":{"line":8,"column":0},"end":{"line":8,"column":26}},"7":{"start":{"line":9,"column":0},"end":{"line":9,"column":33}},"8":{"start":{"line":10,"column":0},"end":{"line":10,"column":31}},"9":{"start":{"line":12,"column":13},"end":{"line":12,"column":37}},"10":{"start":{"line":14,"column":0},"end":{"line":14,"column":81}},"11":{"start":{"line":14,"column":39},"end":{"line":14,"column":79}}},"fnMap":{"0":{"name":"(anonymous_0)","decl":{"start":{"line":14,"column":33},"end":{"line":14,"column":34}},"loc":{"start":{"line":14,"column":39},"end":{"line":14,"column":79}},"line":14}},"branchMap":{"0":{"loc":{"start":{"line":12,"column":13},"end":{"line":12,"column":37}},"type":"binary-expr","locations":[{"start":{"line":12,"column":13},"end":{"line":12,"column":29}},{"start":{"line":12,"column":33},"end":{"line":12,"column":37}}],"line":12}},"s":{"0":5,"1":5,"2":5,"3":5,"4":5,"5":5,"6":5,"7":5,"8":5,"9":5,"10":5,"11":5},"f":{"0":5},"b":{"0":[5,5]},"_coverageSchema":"1a1c01bbd47fc00a2c39e90264f33305004495a9","hash":"ecf8508449f97db4686f8eb0d925100811805729"}
,"/home/mohyeddin/Projects/encounter/controller/statistic.js": {"path":"/home/mohyeddin/Projects/encounter/controller/statistic.js","statementMap":{"0":{"start":{"line":1,"column":20},"end":{"line":1,"column":50}},"1":{"start":{"line":2,"column":17},"end":{"line":2,"column":36}},"2":{"start":{"line":4,"column":0},"end":{"line":14,"column":1}},"3":{"start":{"line":5,"column":4},"end":{"line":6,"column":56}},"4":{"start":{"line":6,"column":8},"end":{"line":6,"column":56}},"5":{"start":{"line":8,"column":23},"end":{"line":11,"column":6}},"6":{"start":{"line":13,"column":4},"end":{"line":13,"column":25}},"7":{"start":{"line":16,"column":0},"end":{"line":25,"column":1}},"8":{"start":{"line":18,"column":23},"end":{"line":22,"column":6}},"9":{"start":{"line":24,"column":4},"end":{"line":24,"column":25}},"10":{"start":{"line":27,"column":0},"end":{"line":40,"column":1}},"11":{"start":{"line":29,"column":4},"end":{"line":30,"column":56}},"12":{"start":{"line":30,"column":8},"end":{"line":30,"column":56}},"13":{"start":{"line":32,"column":23},"end":{"line":37,"column":6}},"14":{"start":{"line":39,"column":4},"end":{"line":39,"column":25}}},"fnMap":{"0":{"name":"(anonymous_0)","decl":{"start":{"line":4,"column":37},"end":{"line":4,"column":38}},"loc":{"start":{"line":4,"column":56},"end":{"line":14,"column":1}},"line":4},"1":{"name":"(anonymous_1)","decl":{"start":{"line":16,"column":37},"end":{"line":16,"column":38}},"loc":{"start":{"line":16,"column":56},"end":{"line":25,"column":1}},"line":16},"2":{"name":"(anonymous_2)","decl":{"start":{"line":27,"column":44},"end":{"line":27,"column":45}},"loc":{"start":{"line":27,"column":63},"end":{"line":40,"column":1}},"line":27}},"branchMap":{"0":{"loc":{"start":{"line":5,"column":4},"end":{"line":6,"column":56}},"type":"if","locations":[{"start":{"line":5,"column":4},"end":{"line":6,"column":56}},{"start":{},"end":{}}],"line":5},"1":{"loc":{"start":{"line":29,"column":4},"end":{"line":30,"column":56}},"type":"if","locations":[{"start":{"line":29,"column":4},"end":{"line":30,"column":56}},{"start":{},"end":{}}],"line":29}},"s":{"0":5,"1":5,"2":5,"3":2,"4":1,"5":1,"6":1,"7":5,"8":1,"9":1,"10":5,"11":2,"12":1,"13":1,"14":1},"f":{"0":2,"1":1,"2":2},"b":{"0":[1,1],"1":[1,1]},"_coverageSchema":"1a1c01bbd47fc00a2c39e90264f33305004495a9","hash":"32f54309f506dcb58916b75a992339813df178ff"}
,"/home/mohyeddin/Projects/encounter/controller/transaction.js": {"path":"/home/mohyeddin/Projects/encounter/controller/transaction.js","statementMap":{"0":{"start":{"line":1,"column":31},"end":{"line":1,"column":63}},"1":{"start":{"line":2,"column":20},"end":{"line":2,"column":50}},"2":{"start":{"line":3,"column":17},"end":{"line":3,"column":36}},"3":{"start":{"line":6,"column":0},"end":{"line":9,"column":1}},"4":{"start":{"line":7,"column":25},"end":{"line":7,"column":70}},"5":{"start":{"line":8,"column":4},"end":{"line":8,"column":27}},"6":{"start":{"line":12,"column":0},"end":{"line":17,"column":1}},"7":{"start":{"line":13,"column":4},"end":{"line":14,"column":56}},"8":{"start":{"line":14,"column":8},"end":{"line":14,"column":56}},"9":{"start":{"line":15,"column":25},"end":{"line":15,"column":156}},"10":{"start":{"line":16,"column":4},"end":{"line":16,"column":27}},"11":{"start":{"line":20,"column":0},"end":{"line":56,"column":2}},"12":{"start":{"line":21,"column":20},"end":{"line":21,"column":38}},"13":{"start":{"line":22,"column":4},"end":{"line":22,"column":69}},"14":{"start":{"line":22,"column":15},"end":{"line":22,"column":69}},"15":{"start":{"line":24,"column":24},"end":{"line":32,"column":6}},"16":{"start":{"line":34,"column":4},"end":{"line":34,"column":29}},"17":{"start":{"line":36,"column":20},"end":{"line":41,"column":6}},"18":{"start":{"line":42,"column":4},"end":{"line":54,"column":5}},"19":{"start":{"line":43,"column":8},"end":{"line":49,"column":11}},"20":{"start":{"line":50,"column":8},"end":{"line":50,"column":31}},"21":{"start":{"line":52,"column":8},"end":{"line":52,"column":45}},"22":{"start":{"line":53,"column":8},"end":{"line":53,"column":31}},"23":{"start":{"line":55,"column":4},"end":{"line":55,"column":24}},"24":{"start":{"line":59,"column":0},"end":{"line":75,"column":2}},"25":{"start":{"line":60,"column":24},"end":{"line":60,"column":74}},"26":{"start":{"line":61,"column":4},"end":{"line":61,"column":77}},"27":{"start":{"line":61,"column":22},"end":{"line":61,"column":77}},"28":{"start":{"line":63,"column":22},"end":{"line":68,"column":6}},"29":{"start":{"line":70,"column":4},"end":{"line":73,"column":5}},"30":{"start":{"line":71,"column":8},"end":{"line":71,"column":44}},"31":{"start":{"line":72,"column":8},"end":{"line":72,"column":31}},"32":{"start":{"line":74,"column":4},"end":{"line":74,"column":24}}},"fnMap":{"0":{"name":"(anonymous_0)","decl":{"start":{"line":6,"column":33},"end":{"line":6,"column":34}},"loc":{"start":{"line":6,"column":52},"end":{"line":9,"column":1}},"line":6},"1":{"name":"(anonymous_1)","decl":{"start":{"line":12,"column":41},"end":{"line":12,"column":42}},"loc":{"start":{"line":12,"column":60},"end":{"line":17,"column":1}},"line":12},"2":{"name":"(anonymous_2)","decl":{"start":{"line":20,"column":32},"end":{"line":20,"column":33}},"loc":{"start":{"line":20,"column":51},"end":{"line":56,"column":1}},"line":20},"3":{"name":"(anonymous_3)","decl":{"start":{"line":59,"column":35},"end":{"line":59,"column":36}},"loc":{"start":{"line":59,"column":54},"end":{"line":75,"column":1}},"line":59}},"branchMap":{"0":{"loc":{"start":{"line":13,"column":4},"end":{"line":14,"column":56}},"type":"if","locations":[{"start":{"line":13,"column":4},"end":{"line":14,"column":56}},{"start":{},"end":{}}],"line":13},"1":{"loc":{"start":{"line":22,"column":4},"end":{"line":22,"column":69}},"type":"if","locations":[{"start":{"line":22,"column":4},"end":{"line":22,"column":69}},{"start":{},"end":{}}],"line":22},"2":{"loc":{"start":{"line":42,"column":4},"end":{"line":54,"column":5}},"type":"if","locations":[{"start":{"line":42,"column":4},"end":{"line":54,"column":5}},{"start":{"line":51,"column":9},"end":{"line":54,"column":5}}],"line":42},"3":{"loc":{"start":{"line":61,"column":4},"end":{"line":61,"column":77}},"type":"if","locations":[{"start":{"line":61,"column":4},"end":{"line":61,"column":77}},{"start":{},"end":{}}],"line":61},"4":{"loc":{"start":{"line":70,"column":4},"end":{"line":73,"column":5}},"type":"if","locations":[{"start":{"line":70,"column":4},"end":{"line":73,"column":5}},{"start":{},"end":{}}],"line":70}},"s":{"0":5,"1":5,"2":5,"3":5,"4":2,"5":2,"6":5,"7":2,"8":1,"9":1,"10":1,"11":5,"12":3,"13":3,"14":1,"15":2,"16":2,"17":2,"18":2,"19":1,"20":1,"21":1,"22":1,"23":2,"24":5,"25":2,"26":2,"27":1,"28":1,"29":1,"30":1,"31":1,"32":1},"f":{"0":2,"1":2,"2":3,"3":2},"b":{"0":[1,1],"1":[1,2],"2":[1,1],"3":[1,1],"4":[1,0]},"_coverageSchema":"1a1c01bbd47fc00a2c39e90264f33305004495a9","hash":"5493b9d81811eee757e4895fca3efdfa62271dae"}
,"/home/mohyeddin/Projects/encounter/controller/type.js": {"path":"/home/mohyeddin/Projects/encounter/controller/type.js","statementMap":{"0":{"start":{"line":1,"column":24},"end":{"line":1,"column":49}},"1":{"start":{"line":2,"column":17},"end":{"line":2,"column":36}},"2":{"start":{"line":3,"column":12},"end":{"line":3,"column":26}},"3":{"start":{"line":5,"column":0},"end":{"line":8,"column":1}},"4":{"start":{"line":6,"column":18},"end":{"line":6,"column":55}},"5":{"start":{"line":7,"column":4},"end":{"line":7,"column":20}},"6":{"start":{"line":10,"column":0},"end":{"line":15,"column":1}},"7":{"start":{"line":11,"column":17},"end":{"line":11,"column":51}},"8":{"start":{"line":12,"column":4},"end":{"line":12,"column":74}},"9":{"start":{"line":12,"column":15},"end":{"line":12,"column":74}},"10":{"start":{"line":14,"column":4},"end":{"line":14,"column":19}},"11":{"start":{"line":17,"column":0},"end":{"line":28,"column":1}},"12":{"start":{"line":18,"column":20},"end":{"line":18,"column":38}},"13":{"start":{"line":19,"column":4},"end":{"line":19,"column":69}},"14":{"start":{"line":19,"column":15},"end":{"line":19,"column":69}},"15":{"start":{"line":21,"column":17},"end":{"line":24,"column":6}},"16":{"start":{"line":26,"column":4},"end":{"line":26,"column":21}},"17":{"start":{"line":27,"column":4},"end":{"line":27,"column":18}},"18":{"start":{"line":30,"column":0},"end":{"line":35,"column":1}},"19":{"start":{"line":31,"column":17},"end":{"line":31,"column":60}},"20":{"start":{"line":32,"column":4},"end":{"line":32,"column":74}},"21":{"start":{"line":32,"column":15},"end":{"line":32,"column":74}},"22":{"start":{"line":34,"column":4},"end":{"line":34,"column":18}},"23":{"start":{"line":37,"column":0},"end":{"line":49,"column":1}},"24":{"start":{"line":38,"column":20},"end":{"line":38,"column":38}},"25":{"start":{"line":39,"column":4},"end":{"line":39,"column":69}},"26":{"start":{"line":39,"column":15},"end":{"line":39,"column":69}},"27":{"start":{"line":41,"column":17},"end":{"line":45,"column":18}},"28":{"start":{"line":46,"column":4},"end":{"line":46,"column":74}},"29":{"start":{"line":46,"column":15},"end":{"line":46,"column":74}},"30":{"start":{"line":48,"column":4},"end":{"line":48,"column":19}}},"fnMap":{"0":{"name":"(anonymous_0)","decl":{"start":{"line":5,"column":26},"end":{"line":5,"column":27}},"loc":{"start":{"line":5,"column":43},"end":{"line":8,"column":1}},"line":5},"1":{"name":"(anonymous_1)","decl":{"start":{"line":10,"column":25},"end":{"line":10,"column":26}},"loc":{"start":{"line":10,"column":44},"end":{"line":15,"column":1}},"line":10},"2":{"name":"(anonymous_2)","decl":{"start":{"line":17,"column":25},"end":{"line":17,"column":26}},"loc":{"start":{"line":17,"column":45},"end":{"line":28,"column":1}},"line":17},"3":{"name":"(anonymous_3)","decl":{"start":{"line":30,"column":28},"end":{"line":30,"column":29}},"loc":{"start":{"line":30,"column":47},"end":{"line":35,"column":1}},"line":30},"4":{"name":"(anonymous_4)","decl":{"start":{"line":37,"column":26},"end":{"line":37,"column":27}},"loc":{"start":{"line":37,"column":45},"end":{"line":49,"column":1}},"line":37}},"branchMap":{"0":{"loc":{"start":{"line":12,"column":4},"end":{"line":12,"column":74}},"type":"if","locations":[{"start":{"line":12,"column":4},"end":{"line":12,"column":74}},{"start":{},"end":{}}],"line":12},"1":{"loc":{"start":{"line":19,"column":4},"end":{"line":19,"column":69}},"type":"if","locations":[{"start":{"line":19,"column":4},"end":{"line":19,"column":69}},{"start":{},"end":{}}],"line":19},"2":{"loc":{"start":{"line":32,"column":4},"end":{"line":32,"column":74}},"type":"if","locations":[{"start":{"line":32,"column":4},"end":{"line":32,"column":74}},{"start":{},"end":{}}],"line":32},"3":{"loc":{"start":{"line":39,"column":4},"end":{"line":39,"column":69}},"type":"if","locations":[{"start":{"line":39,"column":4},"end":{"line":39,"column":69}},{"start":{},"end":{}}],"line":39},"4":{"loc":{"start":{"line":46,"column":4},"end":{"line":46,"column":74}},"type":"if","locations":[{"start":{"line":46,"column":4},"end":{"line":46,"column":74}},{"start":{},"end":{}}],"line":46}},"s":{"0":5,"1":5,"2":5,"3":5,"4":1,"5":1,"6":5,"7":2,"8":2,"9":1,"10":1,"11":5,"12":2,"13":2,"14":1,"15":1,"16":1,"17":1,"18":5,"19":2,"20":2,"21":1,"22":1,"23":5,"24":3,"25":3,"26":1,"27":2,"28":2,"29":1,"30":1},"f":{"0":1,"1":2,"2":2,"3":2,"4":3},"b":{"0":[1,1],"1":[1,1],"2":[1,1],"3":[1,2],"4":[1,1]},"_coverageSchema":"1a1c01bbd47fc00a2c39e90264f33305004495a9","hash":"d218c05ab05c0ddb98cdb0bd9bba057d531b762f"}
,"/home/mohyeddin/Projects/encounter/controller/user.js": {"path":"/home/mohyeddin/Projects/encounter/controller/user.js","statementMap":{"0":{"start":{"line":1,"column":24},"end":{"line":1,"column":49}},"1":{"start":{"line":2,"column":12},"end":{"line":2,"column":35}},"2":{"start":{"line":3,"column":15},"end":{"line":3,"column":32}},"3":{"start":{"line":4,"column":11},"end":{"line":4,"column":28}},"4":{"start":{"line":5,"column":12},"end":{"line":5,"column":26}},"5":{"start":{"line":6,"column":18},"end":{"line":6,"column":57}},"6":{"start":{"line":7,"column":27},"end":{"line":7,"column":61}},"7":{"start":{"line":9,"column":0},"end":{"line":14,"column":2}},"8":{"start":{"line":10,"column":17},"end":{"line":10,"column":50}},"9":{"start":{"line":11,"column":4},"end":{"line":11,"column":62}},"10":{"start":{"line":11,"column":15},"end":{"line":11,"column":62}},"11":{"start":{"line":13,"column":4},"end":{"line":13,"column":19}},"12":{"start":{"line":47,"column":0},"end":{"line":66,"column":1}},"13":{"start":{"line":48,"column":20},"end":{"line":48,"column":38}},"14":{"start":{"line":49,"column":4},"end":{"line":49,"column":69}},"15":{"start":{"line":49,"column":15},"end":{"line":49,"column":69}},"16":{"start":{"line":51,"column":4},"end":{"line":51,"column":24}},"17":{"start":{"line":53,"column":15},"end":{"line":53,"column":58}},"18":{"start":{"line":54,"column":4},"end":{"line":59,"column":5}},"19":{"start":{"line":55,"column":8},"end":{"line":57,"column":11}},"20":{"start":{"line":58,"column":8},"end":{"line":58,"column":26}},"21":{"start":{"line":61,"column":18},"end":{"line":61,"column":41}},"22":{"start":{"line":63,"column":4},"end":{"line":65,"column":7}},"23":{"start":{"line":67,"column":0},"end":{"line":85,"column":1}},"24":{"start":{"line":68,"column":4},"end":{"line":70,"column":5}},"25":{"start":{"line":69,"column":8},"end":{"line":69,"column":62}},"26":{"start":{"line":71,"column":19},"end":{"line":71,"column":23}},"27":{"start":{"line":72,"column":15},"end":{"line":72,"column":58}},"28":{"start":{"line":73,"column":4},"end":{"line":80,"column":5}},"29":{"start":{"line":74,"column":8},"end":{"line":74,"column":25}},"30":{"start":{"line":75,"column":8},"end":{"line":78,"column":11}},"31":{"start":{"line":79,"column":8},"end":{"line":79,"column":26}},"32":{"start":{"line":81,"column":4},"end":{"line":84,"column":6}}},"fnMap":{"0":{"name":"(anonymous_0)","decl":{"start":{"line":9,"column":25},"end":{"line":9,"column":26}},"loc":{"start":{"line":9,"column":44},"end":{"line":14,"column":1}},"line":9},"1":{"name":"(anonymous_1)","decl":{"start":{"line":47,"column":31},"end":{"line":47,"column":32}},"loc":{"start":{"line":47,"column":50},"end":{"line":66,"column":1}},"line":47},"2":{"name":"(anonymous_2)","decl":{"start":{"line":67,"column":29},"end":{"line":67,"column":30}},"loc":{"start":{"line":67,"column":48},"end":{"line":85,"column":1}},"line":67}},"branchMap":{"0":{"loc":{"start":{"line":11,"column":4},"end":{"line":11,"column":62}},"type":"if","locations":[{"start":{"line":11,"column":4},"end":{"line":11,"column":62}},{"start":{},"end":{}}],"line":11},"1":{"loc":{"start":{"line":49,"column":4},"end":{"line":49,"column":69}},"type":"if","locations":[{"start":{"line":49,"column":4},"end":{"line":49,"column":69}},{"start":{},"end":{}}],"line":49},"2":{"loc":{"start":{"line":54,"column":4},"end":{"line":59,"column":5}},"type":"if","locations":[{"start":{"line":54,"column":4},"end":{"line":59,"column":5}},{"start":{},"end":{}}],"line":54},"3":{"loc":{"start":{"line":68,"column":4},"end":{"line":70,"column":5}},"type":"if","locations":[{"start":{"line":68,"column":4},"end":{"line":70,"column":5}},{"start":{},"end":{}}],"line":68},"4":{"loc":{"start":{"line":73,"column":4},"end":{"line":80,"column":5}},"type":"if","locations":[{"start":{"line":73,"column":4},"end":{"line":80,"column":5}},{"start":{},"end":{}}],"line":73}},"s":{"0":5,"1":5,"2":5,"3":5,"4":5,"5":5,"6":5,"7":5,"8":2,"9":2,"10":1,"11":1,"12":5,"13":2,"14":2,"15":1,"16":1,"17":1,"18":1,"19":1,"20":1,"21":1,"22":1,"23":5,"24":3,"25":1,"26":2,"27":2,"28":2,"29":1,"30":1,"31":1,"32":2},"f":{"0":2,"1":2,"2":3},"b":{"0":[1,1],"1":[1,1],"2":[1,0],"3":[1,2],"4":[1,1]},"_coverageSchema":"1a1c01bbd47fc00a2c39e90264f33305004495a9","hash":"878979794dbee365cdc81d57c94deec6e2cef48b"}
,"/home/mohyeddin/Projects/encounter/middleware/auth.js": {"path":"/home/mohyeddin/Projects/encounter/middleware/auth.js","statementMap":{"0":{"start":{"line":1,"column":12},"end":{"line":1,"column":35}},"1":{"start":{"line":2,"column":15},"end":{"line":2,"column":32}},"2":{"start":{"line":4,"column":0},"end":{"line":16,"column":1}},"3":{"start":{"line":5,"column":18},"end":{"line":5,"column":44}},"4":{"start":{"line":6,"column":4},"end":{"line":6,"column":81}},"5":{"start":{"line":6,"column":16},"end":{"line":6,"column":81}},"6":{"start":{"line":8,"column":4},"end":{"line":15,"column":5}},"7":{"start":{"line":9,"column":24},"end":{"line":9,"column":69}},"8":{"start":{"line":10,"column":8},"end":{"line":10,"column":27}},"9":{"start":{"line":11,"column":8},"end":{"line":11,"column":15}},"10":{"start":{"line":14,"column":8},"end":{"line":14,"column":58}}},"fnMap":{"0":{"name":"(anonymous_0)","decl":{"start":{"line":4,"column":17},"end":{"line":4,"column":18}},"loc":{"start":{"line":4,"column":39},"end":{"line":16,"column":1}},"line":4}},"branchMap":{"0":{"loc":{"start":{"line":6,"column":4},"end":{"line":6,"column":81}},"type":"if","locations":[{"start":{"line":6,"column":4},"end":{"line":6,"column":81}},{"start":{},"end":{}}],"line":6}},"s":{"0":5,"1":5,"2":5,"3":32,"4":32,"5":1,"6":31,"7":31,"8":30,"9":30,"10":1},"f":{"0":32},"b":{"0":[1,31]},"_coverageSchema":"1a1c01bbd47fc00a2c39e90264f33305004495a9","hash":"92a873f90a87beef5a4136d56822f7ab5f301f59"}
,"/home/mohyeddin/Projects/encounter/middleware/error.js": {"path":"/home/mohyeddin/Projects/encounter/middleware/error.js","statementMap":{"0":{"start":{"line":1,"column":16},"end":{"line":1,"column":34}},"1":{"start":{"line":3,"column":0},"end":{"line":6,"column":2}},"2":{"start":{"line":4,"column":4},"end":{"line":4,"column":35}},"3":{"start":{"line":5,"column":4},"end":{"line":5,"column":45}}},"fnMap":{"0":{"name":"(anonymous_0)","decl":{"start":{"line":3,"column":17},"end":{"line":3,"column":18}},"loc":{"start":{"line":3,"column":39},"end":{"line":6,"column":1}},"line":3}},"branchMap":{},"s":{"0":5,"1":5,"2":0,"3":0},"f":{"0":0},"b":{},"_coverageSchema":"1a1c01bbd47fc00a2c39e90264f33305004495a9","hash":"b32925fbc94a886707c18224a1b29b9f1008565e"}
,"/home/mohyeddin/Projects/encounter/middleware/validateObjectId.js": {"path":"/home/mohyeddin/Projects/encounter/middleware/validateObjectId.js","statementMap":{"0":{"start":{"line":1,"column":17},"end":{"line":1,"column":36}},"1":{"start":{"line":3,"column":0},"end":{"line":7,"column":1}},"2":{"start":{"line":4,"column":4},"end":{"line":5,"column":51}},"3":{"start":{"line":5,"column":8},"end":{"line":5,"column":51}},"4":{"start":{"line":6,"column":4},"end":{"line":6,"column":11}}},"fnMap":{"0":{"name":"(anonymous_0)","decl":{"start":{"line":3,"column":17},"end":{"line":3,"column":18}},"loc":{"start":{"line":3,"column":35},"end":{"line":7,"column":1}},"line":3}},"branchMap":{"0":{"loc":{"start":{"line":4,"column":4},"end":{"line":5,"column":51}},"type":"if","locations":[{"start":{"line":4,"column":4},"end":{"line":5,"column":51}},{"start":{},"end":{}}],"line":4}},"s":{"0":5,"1":5,"2":10,"3":1,"4":9},"f":{"0":10},"b":{"0":[1,9]},"_coverageSchema":"1a1c01bbd47fc00a2c39e90264f33305004495a9","hash":"1b810923a09f318e40f832e539b11cf34c987633"}
,"/home/mohyeddin/Projects/encounter/models/statistic.js": {"path":"/home/mohyeddin/Projects/encounter/models/statistic.js","statementMap":{"0":{"start":{"line":1,"column":17},"end":{"line":1,"column":36}},"1":{"start":{"line":2,"column":12},"end":{"line":2,"column":26}},"2":{"start":{"line":3,"column":15},"end":{"line":3,"column":39}},"3":{"start":{"line":5,"column":24},"end":{"line":28,"column":2}},"4":{"start":{"line":30,"column":18},"end":{"line":30,"column":61}},"5":{"start":{"line":32,"column":0},"end":{"line":32,"column":37}}},"fnMap":{},"branchMap":{},"s":{"0":5,"1":5,"2":5,"3":5,"4":5,"5":5},"f":{},"b":{},"_coverageSchema":"1a1c01bbd47fc00a2c39e90264f33305004495a9","hash":"7187911cedfd84d35d48bfb35ebb92d16e9e17c6"}
,"/home/mohyeddin/Projects/encounter/models/transaction.js": {"path":"/home/mohyeddin/Projects/encounter/models/transaction.js","statementMap":{"0":{"start":{"line":1,"column":17},"end":{"line":1,"column":36}},"1":{"start":{"line":2,"column":12},"end":{"line":2,"column":26}},"2":{"start":{"line":3,"column":15},"end":{"line":3,"column":39}},"3":{"start":{"line":6,"column":26},"end":{"line":36,"column":2}},"4":{"start":{"line":38,"column":20},"end":{"line":38,"column":67}},"5":{"start":{"line":41,"column":19},"end":{"line":48,"column":6}},"6":{"start":{"line":50,"column":4},"end":{"line":50,"column":40}},"7":{"start":{"line":52,"column":0},"end":{"line":52,"column":41}},"8":{"start":{"line":53,"column":0},"end":{"line":53,"column":46}}},"fnMap":{"0":{"name":"validateTransaction","decl":{"start":{"line":40,"column":9},"end":{"line":40,"column":28}},"loc":{"start":{"line":40,"column":41},"end":{"line":51,"column":1}},"line":40}},"branchMap":{},"s":{"0":5,"1":5,"2":5,"3":5,"4":5,"5":3,"6":3,"7":5,"8":5},"f":{"0":3},"b":{},"_coverageSchema":"1a1c01bbd47fc00a2c39e90264f33305004495a9","hash":"ef4e50a95a87b9c778440cfd980d4d14b202c514"}
,"/home/mohyeddin/Projects/encounter/models/type.js": {"path":"/home/mohyeddin/Projects/encounter/models/type.js","statementMap":{"0":{"start":{"line":1,"column":17},"end":{"line":1,"column":36}},"1":{"start":{"line":2,"column":12},"end":{"line":2,"column":26}},"2":{"start":{"line":4,"column":19},"end":{"line":13,"column":2}},"3":{"start":{"line":15,"column":13},"end":{"line":15,"column":46}},"4":{"start":{"line":18,"column":19},"end":{"line":20,"column":6}},"5":{"start":{"line":22,"column":4},"end":{"line":22,"column":33}},"6":{"start":{"line":25,"column":0},"end":{"line":25,"column":27}},"7":{"start":{"line":26,"column":0},"end":{"line":26,"column":39}}},"fnMap":{"0":{"name":"validateType","decl":{"start":{"line":17,"column":9},"end":{"line":17,"column":21}},"loc":{"start":{"line":17,"column":27},"end":{"line":23,"column":1}},"line":17}},"branchMap":{},"s":{"0":5,"1":5,"2":5,"3":5,"4":5,"5":5,"6":5,"7":5},"f":{"0":5},"b":{},"_coverageSchema":"1a1c01bbd47fc00a2c39e90264f33305004495a9","hash":"e5a24444f03545a1cfce6285f670919add54e753"}
,"/home/mohyeddin/Projects/encounter/models/user.js": {"path":"/home/mohyeddin/Projects/encounter/models/user.js","statementMap":{"0":{"start":{"line":1,"column":17},"end":{"line":1,"column":36}},"1":{"start":{"line":2,"column":12},"end":{"line":2,"column":26}},"2":{"start":{"line":3,"column":18},"end":{"line":3,"column":57}},"3":{"start":{"line":4,"column":27},"end":{"line":4,"column":61}},"4":{"start":{"line":5,"column":12},"end":{"line":5,"column":35}},"5":{"start":{"line":6,"column":15},"end":{"line":6,"column":32}},"6":{"start":{"line":8,"column":19},"end":{"line":33,"column":2}},"7":{"start":{"line":35,"column":0},"end":{"line":41,"column":1}},"8":{"start":{"line":36,"column":18},"end":{"line":39,"column":34}},"9":{"start":{"line":40,"column":4},"end":{"line":40,"column":17}},"10":{"start":{"line":43,"column":13},"end":{"line":43,"column":46}},"11":{"start":{"line":56,"column":19},"end":{"line":61,"column":6}},"12":{"start":{"line":63,"column":4},"end":{"line":63,"column":33}},"13":{"start":{"line":65,"column":0},"end":{"line":66,"column":40}}},"fnMap":{"0":{"name":"(anonymous_0)","decl":{"start":{"line":35,"column":38},"end":{"line":35,"column":39}},"loc":{"start":{"line":35,"column":49},"end":{"line":41,"column":1}},"line":35},"1":{"name":"validateUser","decl":{"start":{"line":46,"column":9},"end":{"line":46,"column":21}},"loc":{"start":{"line":46,"column":27},"end":{"line":64,"column":1}},"line":46}},"branchMap":{},"s":{"0":6,"1":6,"2":6,"3":6,"4":6,"5":6,"6":6,"7":6,"8":36,"9":36,"10":6,"11":2,"12":2,"13":6},"f":{"0":36,"1":2},"b":{},"_coverageSchema":"1a1c01bbd47fc00a2c39e90264f33305004495a9","hash":"0258157262beba967e6da901a334e8af617cf0cc"}
,"/home/mohyeddin/Projects/encounter/routes/auth.js": {"path":"/home/mohyeddin/Projects/encounter/routes/auth.js","statementMap":{"0":{"start":{"line":1,"column":13},"end":{"line":1,"column":42}},"1":{"start":{"line":2,"column":13},"end":{"line":2,"column":42}},"2":{"start":{"line":3,"column":16},"end":{"line":3,"column":34}},"3":{"start":{"line":5,"column":15},"end":{"line":5,"column":31}},"4":{"start":{"line":11,"column":0},"end":{"line":11,"column":40}},"5":{"start":{"line":12,"column":0},"end":{"line":12,"column":45}},"6":{"start":{"line":14,"column":0},"end":{"line":14,"column":24}}},"fnMap":{},"branchMap":{},"s":{"0":5,"1":5,"2":5,"3":5,"4":5,"5":5,"6":5},"f":{},"b":{},"_coverageSchema":"1a1c01bbd47fc00a2c39e90264f33305004495a9","hash":"9640332ca0fa635c06cd7bedd5abbda26a05ed63"}
,"/home/mohyeddin/Projects/encounter/routes/statistic.js": {"path":"/home/mohyeddin/Projects/encounter/routes/statistic.js","statementMap":{"0":{"start":{"line":1,"column":16},"end":{"line":1,"column":34}},"1":{"start":{"line":2,"column":18},"end":{"line":2,"column":52}},"2":{"start":{"line":3,"column":13},"end":{"line":3,"column":42}},"3":{"start":{"line":4,"column":25},"end":{"line":4,"column":66}},"4":{"start":{"line":5,"column":15},"end":{"line":5,"column":31}},"5":{"start":{"line":7,"column":0},"end":{"line":7,"column":58}},"6":{"start":{"line":8,"column":0},"end":{"line":8,"column":78}},"7":{"start":{"line":9,"column":0},"end":{"line":9,"column":63}},"8":{"start":{"line":11,"column":0},"end":{"line":11,"column":23}}},"fnMap":{},"branchMap":{},"s":{"0":5,"1":5,"2":5,"3":5,"4":5,"5":5,"6":5,"7":5,"8":5},"f":{},"b":{},"_coverageSchema":"1a1c01bbd47fc00a2c39e90264f33305004495a9","hash":"32a4cf7cd7f427e4006c78253a79d3f508ba8a7f"}
,"/home/mohyeddin/Projects/encounter/routes/transactions.js": {"path":"/home/mohyeddin/Projects/encounter/routes/transactions.js","statementMap":{"0":{"start":{"line":1,"column":16},"end":{"line":1,"column":34}},"1":{"start":{"line":2,"column":20},"end":{"line":2,"column":56}},"2":{"start":{"line":3,"column":13},"end":{"line":3,"column":42}},"3":{"start":{"line":4,"column":25},"end":{"line":4,"column":66}},"4":{"start":{"line":5,"column":15},"end":{"line":5,"column":31}},"5":{"start":{"line":8,"column":0},"end":{"line":8,"column":49}},"6":{"start":{"line":10,"column":0},"end":{"line":10,"column":49}},"7":{"start":{"line":12,"column":0},"end":{"line":12,"column":77}},"8":{"start":{"line":14,"column":0},"end":{"line":14,"column":64}},"9":{"start":{"line":22,"column":0},"end":{"line":22,"column":24}}},"fnMap":{},"branchMap":{},"s":{"0":5,"1":5,"2":5,"3":5,"4":5,"5":5,"6":5,"7":5,"8":5,"9":5},"f":{},"b":{},"_coverageSchema":"1a1c01bbd47fc00a2c39e90264f33305004495a9","hash":"eb5fa0171afe9bf87699de66dd6eece76e0bc551"}
,"/home/mohyeddin/Projects/encounter/routes/type.js": {"path":"/home/mohyeddin/Projects/encounter/routes/type.js","statementMap":{"0":{"start":{"line":1,"column":16},"end":{"line":1,"column":34}},"1":{"start":{"line":2,"column":13},"end":{"line":2,"column":42}},"2":{"start":{"line":3,"column":13},"end":{"line":3,"column":42}},"3":{"start":{"line":4,"column":25},"end":{"line":4,"column":66}},"4":{"start":{"line":5,"column":15},"end":{"line":5,"column":31}},"5":{"start":{"line":7,"column":0},"end":{"line":7,"column":35}},"6":{"start":{"line":8,"column":0},"end":{"line":8,"column":56}},"7":{"start":{"line":9,"column":0},"end":{"line":9,"column":34}},"8":{"start":{"line":10,"column":0},"end":{"line":10,"column":57}},"9":{"start":{"line":11,"column":0},"end":{"line":11,"column":62}},"10":{"start":{"line":13,"column":0},"end":{"line":13,"column":23}}},"fnMap":{},"branchMap":{},"s":{"0":5,"1":5,"2":5,"3":5,"4":5,"5":5,"6":5,"7":5,"8":5,"9":5,"10":5},"f":{},"b":{},"_coverageSchema":"1a1c01bbd47fc00a2c39e90264f33305004495a9","hash":"2ff8b69655ab919272769fbc815b1ba42a7e0535"}
,"/home/mohyeddin/Projects/encounter/routes/users.js": {"path":"/home/mohyeddin/Projects/encounter/routes/users.js","statementMap":{"0":{"start":{"line":1,"column":13},"end":{"line":1,"column":42}},"1":{"start":{"line":2,"column":13},"end":{"line":2,"column":42}},"2":{"start":{"line":3,"column":16},"end":{"line":3,"column":34}},"3":{"start":{"line":4,"column":15},"end":{"line":4,"column":31}},"4":{"start":{"line":6,"column":0},"end":{"line":6,"column":37}},"5":{"start":{"line":9,"column":0},"end":{"line":9,"column":24}}},"fnMap":{},"branchMap":{},"s":{"0":5,"1":5,"2":5,"3":5,"4":5,"5":5},"f":{},"b":{},"_coverageSchema":"1a1c01bbd47fc00a2c39e90264f33305004495a9","hash":"5af5208307402dc93f0923ee9d1802cd2f5a3dd4"}
,"/home/mohyeddin/Projects/encounter/startup/config.js": {"path":"/home/mohyeddin/Projects/encounter/startup/config.js","statementMap":{"0":{"start":{"line":1,"column":15},"end":{"line":1,"column":32}},"1":{"start":{"line":2,"column":15},"end":{"line":2,"column":41}},"2":{"start":{"line":3,"column":0},"end":{"line":8,"column":1}},"3":{"start":{"line":4,"column":4},"end":{"line":7,"column":5}},"4":{"start":{"line":5,"column":8},"end":{"line":5,"column":54}},"5":{"start":{"line":6,"column":8},"end":{"line":6,"column":24}}},"fnMap":{"0":{"name":"(anonymous_0)","decl":{"start":{"line":3,"column":17},"end":{"line":3,"column":18}},"loc":{"start":{"line":3,"column":28},"end":{"line":8,"column":1}},"line":3}},"branchMap":{"0":{"loc":{"start":{"line":4,"column":4},"end":{"line":7,"column":5}},"type":"if","locations":[{"start":{"line":4,"column":4},"end":{"line":7,"column":5}},{"start":{},"end":{}}],"line":4}},"s":{"0":5,"1":5,"2":5,"3":5,"4":0,"5":0},"f":{"0":5},"b":{"0":[0,5]},"_coverageSchema":"1a1c01bbd47fc00a2c39e90264f33305004495a9","hash":"1056ed2c42f4122ae17b60a098fd23d4b2189184"}
,"/home/mohyeddin/Projects/encounter/startup/db.js": {"path":"/home/mohyeddin/Projects/encounter/startup/db.js","statementMap":{"0":{"start":{"line":1,"column":18},"end":{"line":1,"column":37}},"1":{"start":{"line":2,"column":15},"end":{"line":2,"column":41}},"2":{"start":{"line":3,"column":15},"end":{"line":3,"column":32}},"3":{"start":{"line":5,"column":0},"end":{"line":9,"column":1}},"4":{"start":{"line":6,"column":15},"end":{"line":6,"column":31}},"5":{"start":{"line":7,"column":4},"end":{"line":8,"column":57}},"6":{"start":{"line":8,"column":20},"end":{"line":8,"column":54}}},"fnMap":{"0":{"name":"(anonymous_0)","decl":{"start":{"line":5,"column":17},"end":{"line":5,"column":18}},"loc":{"start":{"line":5,"column":28},"end":{"line":9,"column":1}},"line":5},"1":{"name":"(anonymous_1)","decl":{"start":{"line":8,"column":14},"end":{"line":8,"column":15}},"loc":{"start":{"line":8,"column":19},"end":{"line":8,"column":55}},"line":8}},"branchMap":{},"s":{"0":5,"1":5,"2":5,"3":5,"4":5,"5":5,"6":5},"f":{"0":5,"1":5},"b":{},"_coverageSchema":"1a1c01bbd47fc00a2c39e90264f33305004495a9","hash":"c2579394bb7ca2ee18d98ed4db4865792302e6f1"}
,"/home/mohyeddin/Projects/encounter/startup/log.js": {"path":"/home/mohyeddin/Projects/encounter/startup/log.js","statementMap":{"0":{"start":{"line":1,"column":0},"end":{"line":1,"column":32}},"1":{"start":{"line":2,"column":15},"end":{"line":2,"column":41}},"2":{"start":{"line":3,"column":21},"end":{"line":3,"column":39}},"3":{"start":{"line":4,"column":0},"end":{"line":18,"column":1}},"4":{"start":{"line":5,"column":4},"end":{"line":10,"column":6}},"5":{"start":{"line":12,"column":4},"end":{"line":17,"column":6}}},"fnMap":{"0":{"name":"(anonymous_0)","decl":{"start":{"line":4,"column":17},"end":{"line":4,"column":18}},"loc":{"start":{"line":4,"column":28},"end":{"line":18,"column":1}},"line":4}},"branchMap":{},"s":{"0":5,"1":5,"2":5,"3":5,"4":5,"5":5},"f":{"0":5},"b":{},"_coverageSchema":"1a1c01bbd47fc00a2c39e90264f33305004495a9","hash":"59f9049ce97e05435eced007dce5856acfda6262"}
,"/home/mohyeddin/Projects/encounter/startup/prod.js": {"path":"/home/mohyeddin/Projects/encounter/startup/prod.js","statementMap":{"0":{"start":{"line":1,"column":15},"end":{"line":1,"column":32}},"1":{"start":{"line":2,"column":20},"end":{"line":2,"column":42}},"2":{"start":{"line":4,"column":0},"end":{"line":7,"column":1}},"3":{"start":{"line":5,"column":4},"end":{"line":5,"column":22}},"4":{"start":{"line":6,"column":4},"end":{"line":6,"column":27}}},"fnMap":{"0":{"name":"(anonymous_0)","decl":{"start":{"line":4,"column":17},"end":{"line":4,"column":18}},"loc":{"start":{"line":4,"column":30},"end":{"line":7,"column":1}},"line":4}},"branchMap":{},"s":{"0":5,"1":5,"2":5,"3":5,"4":5},"f":{"0":5},"b":{},"_coverageSchema":"1a1c01bbd47fc00a2c39e90264f33305004495a9","hash":"ee8a3f85d991c0e2fd79d4b72e45f30275d98272"}
,"/home/mohyeddin/Projects/encounter/startup/routes.js": {"path":"/home/mohyeddin/Projects/encounter/startup/routes.js","statementMap":{"0":{"start":{"line":1,"column":16},"end":{"line":1,"column":34}},"1":{"start":{"line":2,"column":21},"end":{"line":2,"column":54}},"2":{"start":{"line":3,"column":14},"end":{"line":3,"column":39}},"3":{"start":{"line":4,"column":14},"end":{"line":4,"column":40}},"4":{"start":{"line":5,"column":13},"end":{"line":5,"column":38}},"5":{"start":{"line":6,"column":18},"end":{"line":6,"column":48}},"6":{"start":{"line":7,"column":14},"end":{"line":7,"column":44}},"7":{"start":{"line":9,"column":0},"end":{"line":17,"column":1}},"8":{"start":{"line":10,"column":4},"end":{"line":10,"column":28}},"9":{"start":{"line":11,"column":4},"end":{"line":11,"column":46}},"10":{"start":{"line":12,"column":4},"end":{"line":12,"column":32}},"11":{"start":{"line":13,"column":4},"end":{"line":13,"column":30}},"12":{"start":{"line":14,"column":4},"end":{"line":14,"column":31}},"13":{"start":{"line":15,"column":4},"end":{"line":15,"column":40}},"14":{"start":{"line":16,"column":4},"end":{"line":16,"column":19}}},"fnMap":{"0":{"name":"(anonymous_0)","decl":{"start":{"line":9,"column":17},"end":{"line":9,"column":18}},"loc":{"start":{"line":9,"column":31},"end":{"line":17,"column":1}},"line":9}},"branchMap":{},"s":{"0":5,"1":5,"2":5,"3":5,"4":5,"5":5,"6":5,"7":5,"8":5,"9":5,"10":5,"11":5,"12":5,"13":5,"14":5},"f":{"0":5},"b":{},"_coverageSchema":"1a1c01bbd47fc00a2c39e90264f33305004495a9","hash":"80acee7cb1b4528ccbc7c4b58ddf2e2cfde11c84"}
,"/home/mohyeddin/Projects/encounter/utils/logger.js": {"path":"/home/mohyeddin/Projects/encounter/utils/logger.js","statementMap":{"0":{"start":{"line":1,"column":16},"end":{"line":1,"column":34}},"1":{"start":{"line":3,"column":0},"end":{"line":12,"column":2}}},"fnMap":{},"branchMap":{},"s":{"0":5,"1":5},"f":{},"b":{},"_coverageSchema":"1a1c01bbd47fc00a2c39e90264f33305004495a9","hash":"d03ec5941584accaf396f4e83b8bc214d39f4a25"}
,"/home/mohyeddin/Projects/encounter/utils/sms.js": {"path":"/home/mohyeddin/Projects/encounter/utils/sms.js","statementMap":{"0":{"start":{"line":2,"column":0},"end":{"line":4,"column":2}},"1":{"start":{"line":3,"column":4},"end":{"line":3,"column":46}}},"fnMap":{"0":{"name":"(anonymous_0)","decl":{"start":{"line":2,"column":17},"end":{"line":2,"column":18}},"loc":{"start":{"line":2,"column":38},"end":{"line":4,"column":1}},"line":2}},"branchMap":{},"s":{"0":5,"1":1},"f":{"0":1},"b":{},"_coverageSchema":"1a1c01bbd47fc00a2c39e90264f33305004495a9","hash":"00c679e9d5740342d97d1062adc4e6481a6a6723"}
}
