TN:
SF:app.js
FNF:0
FNH:0
DA:1,5
DA:3,5
LF:2
LH:2
BRF:0
BRH:0
end_of_record
TN:
SF:index.js
FN:14,(anonymous_0)
FNF:1
FNH:1
FNDA:5,(anonymous_0)
DA:1,5
DA:2,5
DA:3,5
DA:4,5
DA:6,5
DA:7,5
DA:8,5
DA:9,5
DA:10,5
DA:12,5
DA:14,5
LF:11
LH:11
BRDA:12,0,0,5
BRDA:12,0,1,5
BRF:2
BRH:2
end_of_record
TN:
SF:controller/statistic.js
FN:4,(anonymous_0)
FN:16,(anonymous_1)
FN:27,(anonymous_2)
FNF:3
FNH:3
FNDA:2,(anonymous_0)
FNDA:1,(anonymous_1)
FNDA:2,(anonymous_2)
DA:1,5
DA:2,5
DA:4,5
DA:5,2
DA:6,1
DA:8,1
DA:13,1
DA:16,5
DA:18,1
DA:24,1
DA:27,5
DA:29,2
DA:30,1
DA:32,1
DA:39,1
LF:15
LH:15
BRDA:5,0,0,1
BRDA:5,0,1,1
BRDA:29,1,0,1
BRDA:29,1,1,1
BRF:4
BRH:4
end_of_record
TN:
SF:controller/transaction.js
FN:6,(anonymous_0)
FN:12,(anonymous_1)
FN:20,(anonymous_2)
FN:59,(anonymous_3)
FNF:4
FNH:4
FNDA:2,(anonymous_0)
FNDA:2,(anonymous_1)
FNDA:3,(anonymous_2)
FNDA:2,(anonymous_3)
DA:1,5
DA:2,5
DA:3,5
DA:6,5
DA:7,2
DA:8,2
DA:12,5
DA:13,2
DA:14,1
DA:15,1
DA:16,1
DA:20,5
DA:21,3
DA:22,3
DA:24,2
DA:34,2
DA:36,2
DA:42,2
DA:43,1
DA:50,1
DA:52,1
DA:53,1
DA:55,2
DA:59,5
DA:60,2
DA:61,2
DA:63,1
DA:70,1
DA:71,1
DA:72,1
DA:74,1
LF:31
LH:31
BRDA:13,0,0,1
BRDA:13,0,1,1
BRDA:22,1,0,1
BRDA:22,1,1,2
BRDA:42,2,0,1
BRDA:42,2,1,1
BRDA:61,3,0,1
BRDA:61,3,1,1
BRDA:70,4,0,1
BRDA:70,4,1,0
BRF:10
BRH:9
end_of_record
TN:
SF:controller/type.js
FN:5,(anonymous_0)
FN:10,(anonymous_1)
FN:17,(anonymous_2)
FN:30,(anonymous_3)
FN:37,(anonymous_4)
FNF:5
FNH:5
FNDA:1,(anonymous_0)
FNDA:2,(anonymous_1)
FNDA:2,(anonymous_2)
FNDA:2,(anonymous_3)
FNDA:3,(anonymous_4)
DA:1,5
DA:2,5
DA:3,5
DA:5,5
DA:6,1
DA:7,1
DA:10,5
DA:11,2
DA:12,2
DA:14,1
DA:17,5
DA:18,2
DA:19,2
DA:21,1
DA:26,1
DA:27,1
DA:30,5
DA:31,2
DA:32,2
DA:34,1
DA:37,5
DA:38,3
DA:39,3
DA:41,2
DA:46,2
DA:48,1
LF:26
LH:26
BRDA:12,0,0,1
BRDA:12,0,1,1
BRDA:19,1,0,1
BRDA:19,1,1,1
BRDA:32,2,0,1
BRDA:32,2,1,1
BRDA:39,3,0,1
BRDA:39,3,1,2
BRDA:46,4,0,1
BRDA:46,4,1,1
BRF:10
BRH:10
end_of_record
TN:
SF:controller/user.js
FN:9,(anonymous_0)
FN:47,(anonymous_1)
FN:67,(anonymous_2)
FNF:3
FNH:3
FNDA:2,(anonymous_0)
FNDA:2,(anonymous_1)
FNDA:3,(anonymous_2)
DA:1,5
DA:2,5
DA:3,5
DA:4,5
DA:5,5
DA:6,5
DA:7,5
DA:9,5
DA:10,2
DA:11,2
DA:13,1
DA:47,5
DA:48,2
DA:49,2
DA:51,1
DA:53,1
DA:54,1
DA:55,1
DA:58,1
DA:61,1
DA:63,1
DA:67,5
DA:68,3
DA:69,1
DA:71,2
DA:72,2
DA:73,2
DA:74,1
DA:75,1
DA:79,1
DA:81,2
LF:31
LH:31
BRDA:11,0,0,1
BRDA:11,0,1,1
BRDA:49,1,0,1
BRDA:49,1,1,1
BRDA:54,2,0,1
BRDA:54,2,1,0
BRDA:68,3,0,1
BRDA:68,3,1,2
BRDA:73,4,0,1
BRDA:73,4,1,1
BRF:10
BRH:9
end_of_record
TN:
SF:middleware/auth.js
FN:4,(anonymous_0)
FNF:1
FNH:1
FNDA:32,(anonymous_0)
DA:1,5
DA:2,5
DA:4,5
DA:5,32
DA:6,32
DA:8,31
DA:9,31
DA:10,30
DA:11,30
DA:14,1
LF:10
LH:10
BRDA:6,0,0,1
BRDA:6,0,1,31
BRF:2
BRH:2
end_of_record
TN:
SF:middleware/error.js
FN:3,(anonymous_0)
FNF:1
FNH:0
FNDA:0,(anonymous_0)
DA:1,5
DA:3,5
DA:4,0
DA:5,0
LF:4
LH:2
BRF:0
BRH:0
end_of_record
TN:
SF:middleware/validateObjectId.js
FN:3,(anonymous_0)
FNF:1
FNH:1
FNDA:10,(anonymous_0)
DA:1,5
DA:3,5
DA:4,10
DA:5,1
DA:6,9
LF:5
LH:5
BRDA:4,0,0,1
BRDA:4,0,1,9
BRF:2
BRH:2
end_of_record
TN:
SF:models/statistic.js
FNF:0
FNH:0
DA:1,5
DA:2,5
DA:3,5
DA:5,5
DA:30,5
DA:32,5
LF:6
LH:6
BRF:0
BRH:0
end_of_record
TN:
SF:models/transaction.js
FN:40,validateTransaction
FNF:1
FNH:1
FNDA:3,validateTransaction
DA:1,5
DA:2,5
DA:3,5
DA:6,5
DA:38,5
DA:41,3
DA:50,3
DA:52,5
DA:53,5
LF:9
LH:9
BRF:0
BRH:0
end_of_record
TN:
SF:models/type.js
FN:17,validateType
FNF:1
FNH:1
FNDA:5,validateType
DA:1,5
DA:2,5
DA:4,5
DA:15,5
DA:18,5
DA:22,5
DA:25,5
DA:26,5
LF:8
LH:8
BRF:0
BRH:0
end_of_record
TN:
SF:models/user.js
FN:35,(anonymous_0)
FN:46,validateUser
FNF:2
FNH:2
FNDA:36,(anonymous_0)
FNDA:2,validateUser
DA:1,6
DA:2,6
DA:3,6
DA:4,6
DA:5,6
DA:6,6
DA:8,6
DA:35,6
DA:36,36
DA:40,36
DA:43,6
DA:56,2
DA:63,2
DA:65,6
LF:14
LH:14
BRF:0
BRH:0
end_of_record
TN:
SF:routes/auth.js
FNF:0
FNH:0
DA:1,5
DA:2,5
DA:3,5
DA:5,5
DA:11,5
DA:12,5
DA:14,5
LF:7
LH:7
BRF:0
BRH:0
end_of_record
TN:
SF:routes/statistic.js
FNF:0
FNH:0
DA:1,5
DA:2,5
DA:3,5
DA:4,5
DA:5,5
DA:7,5
DA:8,5
DA:9,5
DA:11,5
LF:9
LH:9
BRF:0
BRH:0
end_of_record
TN:
SF:routes/transactions.js
FNF:0
FNH:0
DA:1,5
DA:2,5
DA:3,5
DA:4,5
DA:5,5
DA:8,5
DA:10,5
DA:12,5
DA:14,5
DA:22,5
LF:10
LH:10
BRF:0
BRH:0
end_of_record
TN:
SF:routes/type.js
FNF:0
FNH:0
DA:1,5
DA:2,5
DA:3,5
DA:4,5
DA:5,5
DA:7,5
DA:8,5
DA:9,5
DA:10,5
DA:11,5
DA:13,5
LF:11
LH:11
BRF:0
BRH:0
end_of_record
TN:
SF:routes/users.js
FNF:0
FNH:0
DA:1,5
DA:2,5
DA:3,5
DA:4,5
DA:6,5
DA:9,5
LF:6
LH:6
BRF:0
BRH:0
end_of_record
TN:
SF:startup/config.js
FN:3,(anonymous_0)
FNF:1
FNH:1
FNDA:5,(anonymous_0)
DA:1,5
DA:2,5
DA:3,5
DA:4,5
DA:5,0
DA:6,0
LF:6
LH:4
BRDA:4,0,0,0
BRDA:4,0,1,5
BRF:2
BRH:1
end_of_record
TN:
SF:startup/db.js
FN:5,(anonymous_0)
FN:8,(anonymous_1)
FNF:2
FNH:2
FNDA:5,(anonymous_0)
FNDA:5,(anonymous_1)
DA:1,5
DA:2,5
DA:3,5
DA:5,5
DA:6,5
DA:7,5
DA:8,5
LF:7
LH:7
BRF:0
BRH:0
end_of_record
TN:
SF:startup/log.js
FN:4,(anonymous_0)
FNF:1
FNH:1
FNDA:5,(anonymous_0)
DA:1,5
DA:2,5
DA:3,5
DA:4,5
DA:5,5
DA:12,5
LF:6
LH:6
BRF:0
BRH:0
end_of_record
TN:
SF:startup/prod.js
FN:4,(anonymous_0)
FNF:1
FNH:1
FNDA:5,(anonymous_0)
DA:1,5
DA:2,5
DA:4,5
DA:5,5
DA:6,5
LF:5
LH:5
BRF:0
BRH:0
end_of_record
TN:
SF:startup/routes.js
FN:9,(anonymous_0)
FNF:1
FNH:1
FNDA:5,(anonymous_0)
DA:1,5
DA:2,5
DA:3,5
DA:4,5
DA:5,5
DA:6,5
DA:7,5
DA:9,5
DA:10,5
DA:11,5
DA:12,5
DA:13,5
DA:14,5
DA:15,5
DA:16,5
LF:15
LH:15
BRF:0
BRH:0
end_of_record
TN:
SF:utils/logger.js
FNF:0
FNH:0
DA:1,5
DA:3,5
LF:2
LH:2
BRF:0
BRH:0
end_of_record
TN:
SF:utils/sms.js
FN:2,(anonymous_0)
FNF:1
FNH:1
FNDA:1,(anonymous_0)
DA:2,5
DA:3,1
LF:2
LH:2
BRF:0
BRH:0
end_of_record
